<?xml version="1.0" encoding="UTF-8" ?>
<testsuite tests="22" failures="0" name="runners.SmokeTest" time="0.008" errors="0" skipped="0">
  <properties>
    <property name="java.runtime.name" value="Java(TM) SE Runtime Environment"/>
    <property name="sun.boot.library.path" value="C:\Program Files\Java\jdk1.8.0_121\jre\bin"/>
    <property name="java.vm.version" value="25.121-b13"/>
    <property name="user.country.format" value="RU"/>
    <property name="java.vm.vendor" value="Oracle Corporation"/>
    <property name="maven.multiModuleProjectDirectory" value="D:\Projects\FOBShome"/>
    <property name="java.vendor.url" value="http://java.oracle.com/"/>
    <property name="path.separator" value=";"/>
    <property name="guice.disable.misplaced.annotation.check" value="true"/>
    <property name="java.vm.name" value="Java HotSpot(TM) 64-Bit Server VM"/>
    <property name="file.encoding.pkg" value="sun.io"/>
    <property name="user.script" value=""/>
    <property name="user.country" value="US"/>
    <property name="sun.java.launcher" value="SUN_STANDARD"/>
    <property name="sun.os.patch.level" value=""/>
    <property name="java.vm.specification.name" value="Java Virtual Machine Specification"/>
    <property name="user.dir" value="D:\Projects\FOBShome"/>
    <property name="java.runtime.version" value="1.8.0_121-b13"/>
    <property name="java.awt.graphicsenv" value="sun.awt.Win32GraphicsEnvironment"/>
    <property name="java.endorsed.dirs" value="C:\Program Files\Java\jdk1.8.0_121\jre\lib\endorsed"/>
    <property name="os.arch" value="amd64"/>
    <property name="java.io.tmpdir" value="C:\Users\woland\AppData\Local\Temp\"/>
    <property name="line.separator" value="
"/>
    <property name="java.vm.specification.vendor" value="Oracle Corporation"/>
    <property name="user.variant" value=""/>
    <property name="os.name" value="Windows 10"/>
    <property name="classworlds.conf" value="D:\Tools\apache-maven-3.3.9\bin\..\bin\m2.conf"/>
    <property name="sun.jnu.encoding" value="Cp1251"/>
    <property name="java.library.path" value="C:\Program Files\Java\jdk1.8.0_121\bin;C:\Windows\Sun\Java\bin;C:\Windows\system32;C:\Windows;C:\ProgramData\Oracle\Java\javapath;C:\Windows\system32;C:\Windows;C:\Windows\System32\Wbem;C:\Windows\System32\WindowsPowerShell\v1.0\;C:\Program Files (x86)\Skype\Phone\;C:\Program Files\Git\cmd;C:\HashiCorp\Vagrant\bin;c:\jruby-9.1.5.0\bin;C:\RailsInstaller\Git\cmd;C:\RailsInstaller\Ruby2.3.0\bin;C:\Users\woland\AppData\Local\Microsoft\WindowsApps;C:\Program Files\Heroku\bin;D:\Tools\apache-maven-3.3.9\bin;."/>
    <property name="java.specification.name" value="Java Platform API Specification"/>
    <property name="java.class.version" value="52.0"/>
    <property name="sun.management.compiler" value="HotSpot 64-Bit Tiered Compilers"/>
    <property name="os.version" value="10.0"/>
    <property name="user.home" value="C:\Users\woland"/>
    <property name="user.timezone" value="Europe/Helsinki"/>
    <property name="java.awt.printerjob" value="sun.awt.windows.WPrinterJob"/>
    <property name="java.specification.version" value="1.8"/>
    <property name="file.encoding" value="Cp1251"/>
    <property name="user.name" value="woland"/>
    <property name="java.class.path" value="D:\Tools\apache-maven-3.3.9\bin\..\boot\plexus-classworlds-2.5.2.jar"/>
    <property name="java.vm.specification.version" value="1.8"/>
    <property name="sun.arch.data.model" value="64"/>
    <property name="java.home" value="C:\Program Files\Java\jdk1.8.0_121\jre"/>
    <property name="sun.java.command" value="org.codehaus.plexus.classworlds.launcher.Launcher clean install"/>
    <property name="java.specification.vendor" value="Oracle Corporation"/>
    <property name="user.language" value="en"/>
    <property name="user.language.format" value="ru"/>
    <property name="awt.toolkit" value="sun.awt.windows.WToolkit"/>
    <property name="java.vm.info" value="mixed mode"/>
    <property name="java.version" value="1.8.0_121"/>
    <property name="java.ext.dirs" value="C:\Program Files\Java\jdk1.8.0_121\jre\lib\ext;C:\Windows\Sun\Java\lib\ext"/>
    <property name="sun.boot.class.path" value="C:\Program Files\Java\jdk1.8.0_121\jre\lib\resources.jar;C:\Program Files\Java\jdk1.8.0_121\jre\lib\rt.jar;C:\Program Files\Java\jdk1.8.0_121\jre\lib\sunrsasign.jar;C:\Program Files\Java\jdk1.8.0_121\jre\lib\jsse.jar;C:\Program Files\Java\jdk1.8.0_121\jre\lib\jce.jar;C:\Program Files\Java\jdk1.8.0_121\jre\lib\charsets.jar;C:\Program Files\Java\jdk1.8.0_121\jre\lib\jfr.jar;C:\Program Files\Java\jdk1.8.0_121\jre\classes"/>
    <property name="sun.stderr.encoding" value="cp866"/>
    <property name="java.vendor" value="Oracle Corporation"/>
    <property name="maven.home" value="D:\Tools\apache-maven-3.3.9\bin\.."/>
    <property name="file.separator" value="\"/>
    <property name="java.vendor.url.bug" value="http://bugreport.sun.com/bugreport/"/>
    <property name="sun.cpu.endian" value="little"/>
    <property name="sun.io.unicode.encoding" value="UnicodeLittle"/>
    <property name="sun.stdout.encoding" value="cp866"/>
    <property name="sun.desktop" value="windows"/>
    <property name="sun.cpu.isalist" value="amd64"/>
  </properties>
  <testcase classname="Scenario: User could log in to the web page" name="Given User navigates to &quot;https://wego.here.com&quot;" time="0.005"/>
  <testcase classname="Scenario: User could log in to the web page" name="When User presses &quot;Menu&quot; button having css &quot;button.menu_access_btn.icon_btn&quot;" time="0"/>
  <testcase classname="Scenario: User could log in to the web page" name="And User presses &quot;Sign In&quot; button having css &quot;button.sign_in_out.sign_in_button&quot;" time="0"/>
  <testcase classname="Scenario: User could log in to the web page" name="And User enters following credentials in frame &quot;here-account-sdk&quot;:" time="0"/>
  <testcase classname="Scenario: User could log in to the web page" name="Then Page with URL &quot;https://wego.here.com&quot; opens" time="0"/>
  <testcase classname="Scenario: User could log in to the web page" name="And Page contains user account details &quot;here-wego test&quot;" time="0"/>
  <testcase classname="Scenario: User could log in to the web page" name="Scenario: User could log in to the web page" time="0"/>
  <testcase classname="Scenario: Logged in user can add location to collections" name="Given User is logged in to &quot;https://wego.here.com&quot; in frame &quot;here-account-sdk&quot; using buttons:" time="0"/>
  <testcase classname="Scenario: Logged in user can add location to collections" name="Then User enters location &quot;Prague&quot; to the textfield with xpath &quot;//*[@id=&apos;searchbar&apos;]/div/div[1]/input&quot;" time="0"/>
  <testcase classname="Scenario: Logged in user can add location to collections" name="And User presses &quot;Collect&quot; button having xpath &quot;/html/body/div[1]/div[6]/div/div/div[1]/div[3]/div/div[2]/button&quot;" time="0"/>
  <testcase classname="Scenario: Logged in user can add location to collections" name="And User presses button &quot;Start a collection&quot; or &quot;New collection&quot;" time="0"/>
  <testcase classname="Scenario: Logged in user can add location to collections" name="And User enters &quot;My lovely Prague &quot; to the field with id &quot;collection_name&quot;" time="0"/>
  <testcase classname="Scenario: Logged in user can add location to collections" name="Then Page contains collection &quot;My Lovely Prague &quot;" time="0"/>
  <testcase classname="Scenario: Logged in user can add location to collections" name="Scenario: Logged in user can add location to collections" time="0.001"/>
  <testcase classname="Scenario: Previously added collection could be removed" name="Given User is logged in to &quot;https://wego.here.com&quot; in frame &quot;here-account-sdk&quot; using buttons:" time="0.001"/>
  <testcase classname="Scenario: Previously added collection could be removed" name="When User presses &quot;Menu&quot; button having css &quot;button.menu_access_btn.icon_btn&quot;" time="0"/>
  <testcase classname="Scenario: Previously added collection could be removed" name="And User presses &quot;Collections&quot; button having xpath &quot;/html/body/div[1]/div[3]/div/div[2]/div/div[1]/div[3]&quot;" time="0"/>
  <testcase classname="Scenario: Previously added collection could be removed" name="And User presses &quot;Edit&quot; button having xpath &quot;/html/body/div[1]/div[6]/div/div/div[1]/div/div[1]/button&quot;" time="0"/>
  <testcase classname="Scenario: Previously added collection could be removed" name="And User presses &quot;X&quot; button having xpath &quot;/html/body/div[1]/div[6]/div/div/div[2]/div/div/button&quot;" time="0"/>
  <testcase classname="Scenario: Previously added collection could be removed" name="And User presses &quot;Yes&quot; button having css &quot;button.btn_link.confirm&quot;" time="0"/>
  <testcase classname="Scenario: Previously added collection could be removed" name="Then Page contains 1 collection less in &quot;Collections&quot;" time="0"/>
  <testcase classname="Scenario: Previously added collection could be removed" name="Scenario: Previously added collection could be removed" time="0.001"/>
</testsuite>