<?xml version="1.0" encoding="UTF-8"?>
<testsuite name="runners.SmokeTest" time="0.052" tests="28" errors="0" skipped="0" failures="0">
  <properties>
    <property name="java.runtime.name" value="Java(TM) SE Runtime Environment"/>
    <property name="sun.boot.library.path" value="/usr/local/java/jdk1.8.0_121/jre/lib/amd64"/>
    <property name="java.vm.version" value="25.121-b13"/>
    <property name="java.vm.vendor" value="Oracle Corporation"/>
    <property name="maven.multiModuleProjectDirectory" value="/home/vladimir/projects/inbhome"/>
    <property name="java.vendor.url" value="http://java.oracle.com/"/>
    <property name="path.separator" value=":"/>
    <property name="guice.disable.misplaced.annotation.check" value="true"/>
    <property name="java.vm.name" value="Java HotSpot(TM) 64-Bit Server VM"/>
    <property name="file.encoding.pkg" value="sun.io"/>
    <property name="user.country" value="US"/>
    <property name="sun.java.launcher" value="SUN_STANDARD"/>
    <property name="sun.os.patch.level" value="unknown"/>
    <property name="java.vm.specification.name" value="Java Virtual Machine Specification"/>
    <property name="user.dir" value="/home/vladimir/projects/inbhome"/>
    <property name="java.runtime.version" value="1.8.0_121-b13"/>
    <property name="java.awt.graphicsenv" value="sun.awt.X11GraphicsEnvironment"/>
    <property name="java.endorsed.dirs" value="/usr/local/java/jdk1.8.0_121/jre/lib/endorsed"/>
    <property name="os.arch" value="amd64"/>
    <property name="java.io.tmpdir" value="/tmp"/>
    <property name="line.separator" value="&#10;"/>
    <property name="java.vm.specification.vendor" value="Oracle Corporation"/>
    <property name="os.name" value="Linux"/>
    <property name="classworlds.conf" value="/usr/share/maven/bin/m2.conf"/>
    <property name="sun.jnu.encoding" value="UTF-8"/>
    <property name="java.library.path" value="/usr/java/packages/lib/amd64:/usr/lib64:/lib64:/lib:/usr/lib"/>
    <property name="java.specification.name" value="Java Platform API Specification"/>
    <property name="java.class.version" value="52.0"/>
    <property name="sun.management.compiler" value="HotSpot 64-Bit Tiered Compilers"/>
    <property name="os.version" value="4.4.0-64-generic"/>
    <property name="user.home" value="/home/vladimir"/>
    <property name="user.timezone" value="Europe/Tallinn"/>
    <property name="java.awt.printerjob" value="sun.print.PSPrinterJob"/>
    <property name="file.encoding" value="UTF-8"/>
    <property name="java.specification.version" value="1.8"/>
    <property name="user.name" value="vladimir"/>
    <property name="java.class.path" value="/usr/share/maven/boot/plexus-classworlds-2.x.jar"/>
    <property name="java.vm.specification.version" value="1.8"/>
    <property name="sun.arch.data.model" value="64"/>
    <property name="java.home" value="/usr/local/java/jdk1.8.0_121/jre"/>
    <property name="sun.java.command" value="org.codehaus.plexus.classworlds.launcher.Launcher clean install"/>
    <property name="java.specification.vendor" value="Oracle Corporation"/>
    <property name="user.language" value="en"/>
    <property name="awt.toolkit" value="sun.awt.X11.XToolkit"/>
    <property name="java.vm.info" value="mixed mode"/>
    <property name="java.version" value="1.8.0_121"/>
    <property name="java.ext.dirs" value="/usr/local/java/jdk1.8.0_121/jre/lib/ext:/usr/java/packages/lib/ext"/>
    <property name="securerandom.source" value="file:/dev/./urandom"/>
    <property name="sun.boot.class.path" value="/usr/local/java/jdk1.8.0_121/jre/lib/resources.jar:/usr/local/java/jdk1.8.0_121/jre/lib/rt.jar:/usr/local/java/jdk1.8.0_121/jre/lib/sunrsasign.jar:/usr/local/java/jdk1.8.0_121/jre/lib/jsse.jar:/usr/local/java/jdk1.8.0_121/jre/lib/jce.jar:/usr/local/java/jdk1.8.0_121/jre/lib/charsets.jar:/usr/local/java/jdk1.8.0_121/jre/lib/jfr.jar:/usr/local/java/jdk1.8.0_121/jre/classes"/>
    <property name="java.vendor" value="Oracle Corporation"/>
    <property name="maven.home" value="/usr/share/maven"/>
    <property name="file.separator" value="/"/>
    <property name="java.vendor.url.bug" value="http://bugreport.sun.com/bugreport/"/>
    <property name="sun.cpu.endian" value="little"/>
    <property name="sun.io.unicode.encoding" value="UnicodeLittle"/>
    <property name="sun.desktop" value="gnome"/>
    <property name="sun.cpu.isalist" value=""/>
  </properties>
  <testcase name="Given User navigates to &quot;http://demo.testfire.net/default.aspx&quot;" classname="Scenario: Login page opens correctly" time="0.007"/>
  <testcase name="When User presses Sign in link with id &quot;_ctl0__ctl0_LoginLink&quot;" classname="Scenario: Login page opens correctly" time="0"/>
  <testcase name="Then Login page url &quot;http://demo.testfire.net/bank/login.aspx&quot; opens" classname="Scenario: Login page opens correctly" time="0"/>
  <testcase name="Scenario: Login page opens correctly" classname="Scenario: Login page opens correctly" time="0.003"/>
  <testcase name="Given User navigates to the login page &quot;http://demo.testfire.net/bank/login.aspx&quot;" classname="Scenario: Admin could login successfully" time="0"/>
  <testcase name="When User enters following credentials:" classname="Scenario: Admin could login successfully" time="0.001"/>
  <testcase name="And User presses button with name &quot;btnSubmit&quot;" classname="Scenario: Admin could login successfully" time="0"/>
  <testcase name="Then Page with url &quot;http://demo.testfire.net/bank/main.aspx&quot; opens" classname="Scenario: Admin could login successfully" time="0"/>
  <testcase name="Scenario: Admin could login successfully" classname="Scenario: Admin could login successfully" time="0.002"/>
  <testcase name="Given Administrator is on the &quot;main&quot; page logged in from &quot;http://demo.testfire.net/bank/login.aspx&quot; using &quot;btnSubmit&quot; with:" classname="Scenario: &quot;View Application Values&quot; page is accessible and correct" time="0"/>
  <testcase name="When User presses &quot;View Application Values&quot; link" classname="Scenario: &quot;View Application Values&quot; page is accessible and correct" time="0"/>
  <testcase name="Then Appropriate page &quot;http://demo.testfire.net/admin/application.aspx&quot; opens" classname="Scenario: &quot;View Application Values&quot; page is accessible and correct" time="0.004"/>
  <testcase name="And Page contains correct userName &quot;admin&quot;" classname="Scenario: &quot;View Application Values&quot; page is accessible and correct" time="0"/>
  <testcase name="And page contains correct firstName &quot;admin&quot;" classname="Scenario: &quot;View Application Values&quot; page is accessible and correct" time="0"/>
  <testcase name="And page contains correct lastName &quot;User&quot;" classname="Scenario: &quot;View Application Values&quot; page is accessible and correct" time="0"/>
  <testcase name="Scenario: &quot;View Application Values&quot; page is accessible and correct" classname="Scenario: &quot;View Application Values&quot; page is accessible and correct" time="0.001"/>
  <testcase name="Given User navigates to &quot;http://demo.testfire.net/default.aspx&quot;" classname="Scenario: Personal information page opens correctly" time="0"/>
  <testcase name="When User presses &quot;PERSONAL&quot; link having id &quot;_ctl0__ctl0_Content_CatLink1&quot; on the on the left menu bar" classname="Scenario: Personal information page opens correctly" time="0.001"/>
  <testcase name="Then Page with URL &quot;http://demo.testfire.net/default.aspx?content=personal.htm&quot; opens" classname="Scenario: Personal information page opens correctly" time="0"/>
  <testcase name="Scenario: Personal information page opens correctly" classname="Scenario: Personal information page opens correctly" time="0.001"/>
  <testcase name="Given User navigates to &quot;http://demo.testfire.net/default.aspx&quot;" classname="Scenario: Deposit Products page opens correctly" time="0"/>
  <testcase name="When User presses &quot;Deposit Product&quot; link having id &quot;_ctl0__ctl0_Content_MenuHyperLink1&quot; on the on the left menu bar" classname="Scenario: Deposit Products page opens correctly" time="0"/>
  <testcase name="Then Page with URL &quot;http://demo.testfire.net/default.aspx?content=personal_deposit.htm&quot; opens" classname="Scenario: Deposit Products page opens correctly" time="0.014"/>
  <testcase name="Scenario: Deposit Products page opens correctly" classname="Scenario: Deposit Products page opens correctly" time="0.016"/>
  <testcase name="Given User navigates to &quot;http://demo.testfire.net/default.aspx&quot;" classname="Scenario: Checking page opens correctly" time="0.001"/>
  <testcase name="When User presses &quot;Checking&quot; link having id &quot;_ctl0__ctl0_Content_MenuHyperLink2&quot; on the on the left menu bar" classname="Scenario: Checking page opens correctly" time="0"/>
  <testcase name="Then Page with URL &quot;http://demo.testfire.net/default.aspx?content=personal_checking.htm&quot; opens" classname="Scenario: Checking page opens correctly" time="0"/>
  <testcase name="Scenario: Checking page opens correctly" classname="Scenario: Checking page opens correctly" time="0.001"/>
</testsuite>